[18-Oct-2025 11:35:56] NOTICE: fpm is running, pid 10225
[18-Oct-2025 11:35:56] NOTICE: ready to handle connections
[18-Oct-2025 13:04:47] NOTICE: Terminating ...
[18-Oct-2025 13:04:47] NOTICE: Terminating ...
[18-Oct-2025 13:04:47] NOTICE: exiting, bye-bye!
[20-Oct-2025 10:03:10] NOTICE: fpm is running, pid 8281
[20-Oct-2025 10:03:10] NOTICE: ready to handle connections
[20-Oct-2025 10:05:57] NOTICE: Terminating ...
[20-Oct-2025 10:05:57] NOTICE: exiting, bye-bye!
[20-Oct-2025 11:12:21] NOTICE: fpm is running, pid 9381
[20-Oct-2025 11:12:21] NOTICE: ready to handle connections
[20-Oct-2025 15:42:46] NOTICE: Terminating ...
[20-Oct-2025 15:42:46] NOTICE: exiting, bye-bye!
[20-Oct-2025 15:42:47] NOTICE: fpm is running, pid 105377
[20-Oct-2025 15:42:47] NOTICE: ready to handle connections
[20-Oct-2025 15:42:59] NOTICE: Terminating ...
[20-Oct-2025 15:42:59] NOTICE: Terminating ...
[20-Oct-2025 15:42:59] NOTICE: exiting, bye-bye!
[20-Oct-2025 16:21:44] NOTICE: fpm is running, pid 113078
[20-Oct-2025 16:21:44] NOTICE: ready to handle connections
[20-Oct-2025 21:25:48] NOTICE: Terminating ...
[20-Oct-2025 21:25:48] NOTICE: Terminating ...
[20-Oct-2025 21:25:48] NOTICE: exiting, bye-bye!
[21-Oct-2025 11:35:14] NOTICE: fpm is running, pid 9095
[21-Oct-2025 11:35:14] NOTICE: ready to handle connections
[21-Oct-2025 20:38:34] NOTICE: Terminating ...
[21-Oct-2025 20:38:34] NOTICE: Terminating ...
[21-Oct-2025 20:38:34] NOTICE: exiting, bye-bye!
[26-Nov-2025 12:51:55] NOTICE: fpm is running, pid 30016
[26-Nov-2025 12:51:55] NOTICE: ready to handle connections
